<?xml version="1.0" encoding="UTF-8"?>
<testng-results total="1" passed="1" failed="0" skipped="0">
  <reporter-output>
  </reporter-output>
  <suite started-at="2019-09-03T01:17:55Z" name="Command line suite" finished-at="2019-09-03T01:17:55Z" duration-ms="88">
    <groups>
    </groups>
    <test started-at="2019-09-03T01:17:55Z" name="Command line test" finished-at="2019-09-03T01:17:55Z" duration-ms="88">
      <class name="Academy.AppTest">
        <test-method signature="testApp()[pri:0, instance:testApp(Academy.AppTest)]" started-at="2019-09-02T21:17:55Z" name="testApp" finished-at="2019-09-02T21:17:55Z" duration-ms="4" status="PASS">
          <reporter-output>
          </reporter-output>
        </test-method> <!-- testApp -->
      </class> <!-- Academy.AppTest -->
    </test> <!-- Command line test -->
  </suite> <!-- Command line suite -->
</testng-results>
