<?xml version="1.0" encoding="UTF-8"?>
<!-- Generated by org.testng.reporters.JUnitXMLReporter -->
<testsuite ignored="0" hostname="narayanan-PC" failures="1" tests="1" name="Validating title in the Page" time="14.713" errors="0" timestamp="30 Aug. 2019 19:45:54 GMT">
  <testcase classname="Academy.validateTitle" name="validateAppTitle" time="0.274">
    <failure type="java.lang.AssertionError" message="expected [FEATURED CO123URSES] but found [FEATURED COURSES]">
      <![CDATA[java.lang.AssertionError: expected [FEATURED CO123URSES] but found [FEATURED COURSES]
at Academy.validateTitle.validateAppTitle(validateTitle.java:41)
... Removed 31 stack frames]]>
    </failure>
  </testcase> <!-- validateAppTitle -->
</testsuite> <!-- Validating title in the Page -->
