<?xml version="1.0" encoding="UTF-8"?>
<testng-results total="2" passed="2" failed="0" skipped="0">
  <reporter-output>
  </reporter-output>
  <suite started-at="2019-09-03T01:16:09Z" name="Command line suite" finished-at="2019-09-03T01:17:54Z" duration-ms="105320">
    <groups>
    </groups>
    <test started-at="2019-09-03T01:16:09Z" name="Command line test" finished-at="2019-09-03T01:17:54Z" duration-ms="105320">
      <class name="Academy.HomePageTest">
        <test-method is-config="true" signature="initialize()[pri:0, instance:Academy.HomePageTest@2a79d4b1]" started-at="2019-09-02T21:16:09Z" name="initialize" finished-at="2019-09-02T21:16:52Z" duration-ms="43180" status="PASS">
          <reporter-output>
          </reporter-output>
        </test-method> <!-- initialize -->
        <test-method signature="basePageNavigation(java.lang.String, java.lang.String, java.lang.String)[pri:0, instance:Academy.HomePageTest@2a79d4b1]" started-at="2019-09-02T21:16:52Z" name="basePageNavigation" data-provider="getData" finished-at="2019-09-02T21:17:26Z" duration-ms="34027" status="PASS">
          <params>
            <param index="0">
              <value>
                <![CDATA[nonrestricteduser@qw.com]]>
              </value>
            </param>
            <param index="1">
              <value>
                <![CDATA[123456]]>
              </value>
            </param>
            <param index="2">
              <value>
                <![CDATA[Restrcited User]]>
              </value>
            </param>
          </params>
          <reporter-output>
          </reporter-output>
        </test-method> <!-- basePageNavigation -->
        <test-method signature="basePageNavigation(java.lang.String, java.lang.String, java.lang.String)[pri:0, instance:Academy.HomePageTest@2a79d4b1]" started-at="2019-09-02T21:17:26Z" name="basePageNavigation" data-provider="getData" finished-at="2019-09-02T21:17:54Z" duration-ms="27508" status="PASS">
          <params>
            <param index="0">
              <value>
                <![CDATA[restricteduser@qw.com]]>
              </value>
            </param>
            <param index="1">
              <value>
                <![CDATA[456788]]>
              </value>
            </param>
            <param index="2">
              <value>
                <![CDATA[Non restricted user]]>
              </value>
            </param>
          </params>
          <reporter-output>
          </reporter-output>
        </test-method> <!-- basePageNavigation -->
        <test-method is-config="true" signature="teardown()[pri:0, instance:Academy.HomePageTest@2a79d4b1]" started-at="2019-09-02T21:17:54Z" name="teardown" finished-at="2019-09-02T21:17:54Z" duration-ms="392" status="PASS">
          <reporter-output>
          </reporter-output>
        </test-method> <!-- teardown -->
      </class> <!-- Academy.HomePageTest -->
    </test> <!-- Command line test -->
  </suite> <!-- Command line suite -->
</testng-results>
